<?xml version="1.0" encoding="utf-8"?><testsuites name="pytest tests"><testsuite name="pytest" errors="0" failures="0" skipped="0" tests="15" time="92.445" timestamp="2025-08-23T17:44:04.560543+05:30" hostname="vineesh"><testcase classname="integration_test" name="test_store_workflow" time="7.673" /><testcase classname="regression_test" name="test_regression_queries" time="18.705" /><testcase classname="system_test" name="test_user_journey" time="12.793" /><testcase classname="unit_test" name="test_health_check" time="2.034" /><testcase classname="unit_test" name="test_get_stores" time="2.856" /><testcase classname="unit_test" name="test_top_selling_products" time="2.115" /><testcase classname="unit_test" name="test_popular_searches" time="3.852" /><testcase classname="unit_test" name="test_top_selling_categories" time="2.110" /><testcase classname="unit_test" name="test_unsold_products" time="2.545" /><testcase classname="unit_test" name="test_store_performance" time="2.265" /><testcase classname="unit_test" name="test_query_endpoint" time="7.981" /><testcase classname="unit_test" name="test_sessions" time="2.387" /><testcase classname="unit_test" name="test_session_by_id" time="2.397" /><testcase classname="unit_test" name="test_product_substitutions" time="13.300" /><testcase classname="unit_test" name="test_discount_recommendations" time="6.457" /></testsuite></testsuites>